<?xml version="1.0" encoding="UTF-8"?>
<testng-results skipped="0" failed="0" ignored="0" total="1" passed="1">
  <reporter-output>
  </reporter-output>
  <suite name="Default suite" duration-ms="56686" started-at="2020-05-30T16:37:47 CDT" finished-at="2020-05-30T16:38:43 CDT">
    <groups>
    </groups>
    <test name="Default test" duration-ms="56686" started-at="2020-05-30T16:37:47 CDT" finished-at="2020-05-30T16:38:43 CDT">
      <class name="E2E.UAL.HomePageTest">
        <test-method status="PASS" signature="initialize()[pri:0, instance:E2E.UAL.HomePageTest@5bc79255]" name="initialize" is-config="true" duration-ms="5680" started-at="2020-05-30T16:37:47 CDT" finished-at="2020-05-30T16:37:52 CDT">
          <reporter-output>
          </reporter-output>
        </test-method> <!-- initialize -->
        <test-method status="PASS" signature="OneWayTripTest()[pri:0, instance:E2E.UAL.HomePageTest@5bc79255]" name="OneWayTripTest" duration-ms="40579" started-at="2020-05-30T16:37:52 CDT" finished-at="2020-05-30T16:38:33 CDT">
          <reporter-output>
          </reporter-output>
        </test-method> <!-- OneWayTripTest -->
        <test-method status="PASS" signature="teardown()[pri:0, instance:E2E.UAL.HomePageTest@5bc79255]" name="teardown" is-config="true" duration-ms="10387" started-at="2020-05-30T16:38:33 CDT" finished-at="2020-05-30T16:38:43 CDT">
          <reporter-output>
          </reporter-output>
        </test-method> <!-- teardown -->
      </class> <!-- E2E.UAL.HomePageTest -->
    </test> <!-- Default test -->
  </suite> <!-- Default suite -->
</testng-results>
